<?xml version="1.0" encoding="UTF-8"?>
<!-- Generated by org.testng.reporters.JUnitReportReporter -->
<testsuite skipped="0" hostname="PREDATOR300" name="BookingTest.makeMyTripTest" tests="5" failures="0" timestamp="05 Jun 2018 18:18:02 GMT" time="24.687" errors="0">
  <testcase name="openURL" time="7.666" classname="BookingTest.makeMyTripTest"/>
  <testcase name="OneWayBookingTo" time="4.320" classname="BookingTest.makeMyTripTest"/>
  <testcase name="searchFlight" time="4.807" classname="BookingTest.makeMyTripTest"/>
  <testcase name="OneWayBookingFrom" time="6.735" classname="BookingTest.makeMyTripTest"/>
  <testcase name="selectDate" time="1.159" classname="BookingTest.makeMyTripTest"/>
</testsuite> <!-- BookingTest.makeMyTripTest -->
