<?xml version="1.0" encoding="UTF-8"?>
<!-- Generated by org.testng.reporters.JUnitReportReporter -->
<testsuite skipped="0" hostname="PREDATOR300" name="BookingTest.IndigoTest" tests="2" failures="0" timestamp="05 Jun 2018 18:29:00 GMT" time="15.872" errors="0">
  <testcase name="OneWayBooking" time="7.921" classname="BookingTest.IndigoTest"/>
  <testcase name="open" time="7.951" classname="BookingTest.IndigoTest"/>
</testsuite> <!-- BookingTest.IndigoTest -->
